
=== Sun Aug 30 19:51:50 2020

Packages were changed.
Update Mode: mergeDefaultDependencies

The following packages were added:
  com.unity.ide.visualstudio@2.0.2
The following packages were updated:
  com.unity.collab-proxy from version 1.2.16 to 1.3.9
  com.unity.ide.rider from version 1.1.0 to 2.0.5
  com.unity.ide.vscode from version 1.1.2 to 1.2.1
  com.unity.test-framework from version 1.1.3 to 1.1.16
  com.unity.textmeshpro from version 2.0.1 to 3.0.1
  com.unity.timeline from version 1.2.2 to 1.4.2
  com.unity.xr.management from version 3.0.3 to 3.2.13

=== Wed Sep 23 09:29:59 2020

Packages were changed.
Update Mode: updateDependencies

The following packages were added:
  com.unity.ads@3.4.9
  com.unity.analytics@3.3.5
  com.unity.purchasing@2.1.0
  com.unity.xr.legacyinputhelpers@2.1.4
